1 2
1 3
1 6
1 9
1 10
1 19
1 21
1 22
1 23
1 24
1 27
1 29
1 34
1 35
1 37
1 40
1 41
1 42
1 44
1 45
1 46
1 47
1 49
1 50
1 51
1 52
1 53
1 56
1 60
1 63
1 65
1 71
1 74
1 77
1 78
1 82
1 86
1 87
1 88
1 89
1 90
1 91
1 92
1 94
1 96
1 97
2 8
2 9
2 10
2 12
2 14
2 16
2 17
2 20
2 22
2 23
2 26
2 33
2 38
2 39
2 43
2 44
2 47
2 48
2 51
2 53
2 54
2 55
2 57
2 60
2 62
2 67
2 69
2 70
2 71
2 72
2 76
2 77
2 78
2 80
2 83
2 84
2 85
2 86
2 88
2 91
2 93
2 95
2 96
2 97
2 99
2 100
3 1
3 2
3 4
3 5
3 8
3 11
3 12
3 13
3 14
3 15
3 16
3 17
3 18
3 19
3 23
3 29
3 30
3 32
3 33
3 35
3 36
3 37
3 41
3 44
3 45
3 46
3 49
3 50
3 51
3 53
3 54
3 58
3 59
3 65
3 67
3 69
3 78
3 80
3 81
3 85
3 87
3 88
3 89
3 91
3 93
3 97
3 98
4 2
4 6
4 7
4 11
4 14
4 15
4 17
4 21
4 22
4 25
4 26
4 27
4 29
4 32
4 34
4 35
4 36
4 43
4 44
4 45
4 49
4 50
4 52
4 57
4 58
4 60
4 61
4 64
4 65
4 66
4 69
4 70
4 71
4 72
4 78
4 83
4 84
4 86
4 87
4 89
4 91
4 92
4 97
4 98
4 99
5 1
5 3
5 4
5 9
5 10
5 11
5 15
5 17
5 20
5 22
5 27
5 28
5 29
5 30
5 31
5 33
5 34
5 38
5 43
5 45
5 46
5 47
5 51
5 52
5 53
5 54
5 57
5 58
5 59
5 62
5 63
5 64
5 66
5 67
5 68
5 74
5 75
5 76
5 78
5 79
5 80
5 81
5 83
5 84
5 85
5 86
5 88
5 92
5 97
5 99
5 100
6 4
6 5
6 7
6 8
6 9
6 11
6 12
6 14
6 16
6 18
6 19
6 20
6 21
6 22
6 24
6 26
6 27
6 28
6 31
6 36
6 37
6 39
6 41
6 43
6 44
6 45
6 47
6 48
6 52
6 58
6 60
6 61
6 62
6 64
6 68
6 73
6 75
6 76
6 78
6 79
6 80
6 81
6 83
6 89
6 92
6 93
6 94
6 95
6 98
6 100
7 4
7 5
7 6
7 9
7 10
7 11
7 12
7 14
7 15
7 19
7 20
7 22
7 35
7 36
7 38
7 42
7 44
7 45
7 47
7 49
7 51
7 52
7 53
7 54
7 55
7 56
7 57
7 58
7 60
7 61
7 62
7 64
7 65
7 69
7 71
7 72
7 75
7 77
7 78
7 80
7 81
7 82
7 84
7 85
7 86
7 87
7 88
7 90
7 92
7 95
7 97
7 98
7 99
8 1
8 2
8 3
8 4
8 5
8 6
8 7
8 9
8 10
8 11
8 12
8 13
8 14
8 15
8 16
8 17
8 18
8 19
8 20
8 21
8 22
8 23
8 24
8 25
8 26
8 27
8 28
8 29
8 30
8 31
8 32
8 33
8 34
8 35
8 36
8 37
8 38
8 39
8 40
8 41
8 42
8 43
8 44
8 45
8 46
8 47
8 48
8 49
8 50
8 51
8 52
8 53
8 54
8 55
8 56
8 57
8 58
8 59
8 60
8 61
8 62
8 63
8 64
8 65
8 66
8 67
8 68
8 69
8 70
8 71
8 72
8 73
8 74
8 75
8 76
8 77
8 78
8 79
8 80
8 81
8 82
8 83
8 84
8 85
8 86
8 87
8 88
8 89
8 90
8 91
8 92
8 93
8 94
8 95
8 96
8 97
8 98
8 99
8 100
9 1
9 4
9 6
9 11
9 12
9 13
9 14
9 15
9 17
9 18
9 23
9 28
9 29
9 30
9 35
9 36
9 37
9 38
9 39
9 41
9 42
9 45
9 47
9 48
9 50
9 52
9 53
9 55
9 60
9 61
9 63
9 64
9 66
9 68
9 72
9 73
9 74
9 77
9 79
9 81
9 83
9 87
9 90
9 92
9 94
9 98
9 99
10 3
10 4
10 5
10 6
10 8
10 9
10 11
10 14
10 16
10 21
10 23
10 24
10 26
10 28
10 29
10 30
10 31
10 32
10 34
10 35
10 36
10 38
10 42
10 44
10 45
10 46
10 49
10 50
10 54
10 56
10 58
10 59
10 62
10 64
10 66
10 68
10 73
10 74
10 75
10 76
10 77
10 79
10 80
10 81
10 83
10 84
10 85
10 86
10 87
10 88
10 89
10 90
10 91
10 92
10 93
10 95
10 96
10 97
10 99
11 1
11 7
11 8
11 9
11 13
11 14
11 16
11 17
11 19
11 20
11 24
11 25
11 26
11 28
11 31
11 33
11 37
11 38
11 41
11 42
11 43
11 48
11 49
11 50
11 51
11 52
11 59
11 64
11 65
11 66
11 68
11 69
11 70
11 72
11 75
11 76
11 80
11 83
11 85
11 86
11 88
11 89
11 92
11 98
11 100
12 3
12 4
12 5
12 7
12 9
12 10
12 14
12 15
12 16
12 18
12 24
12 30
12 35
12 37
12 38
12 39
12 41
12 42
12 43
12 45
12 47
12 48
12 50
12 51
12 54
12 57
12 58
12 59
12 60
12 61
12 62
12 63
12 65
12 67
12 71
12 73
12 74
12 78
12 81
12 82
12 85
12 87
12 88
12 93
12 96
12 97
12 98
12 99
13 2
13 3
13 6
13 10
13 11
13 14
13 18
13 23
13 24
13 25
13 27
13 29
13 32
13 33
13 35
13 37
13 38
13 42
13 44
13 45
13 47
13 48
13 51
13 52
13 53
13 55
13 58
13 60
13 61
13 63
13 64
13 66
13 68
13 69
13 72
13 73
13 76
13 77
13 80
13 81
13 82
13 83
13 84
13 86
13 88
13 90
13 91
13 98
13 100
14 4
14 8
14 9
14 10
14 11
14 15
14 16
14 17
14 19
14 20
14 23
14 25
14 26
14 27
14 31
14 32
14 35
14 37
14 40
14 41
14 44
14 45
14 46
14 47
14 48
14 50
14 51
14 52
14 54
14 55
14 56
14 61
14 62
14 65
14 67
14 68
14 70
14 73
14 74
14 76
14 77
14 78
14 79
14 81
14 82
14 84
14 85
14 86
14 87
14 88
14 89
14 92
14 95
14 96
14 98
14 99
15 2
15 3
15 6
15 8
15 9
15 14
15 17
15 18
15 20
15 21
15 22
15 26
15 27
15 28
15 31
15 37
15 41
15 42
15 44
15 51
15 52
15 53
15 55
15 56
15 57
15 59
15 60
15 63
15 68
15 70
15 72
15 75
15 76
15 80
15 82
15 83
15 84
15 85
15 86
15 88
15 89
15 90
15 91
15 93
15 95
15 99
15 100
16 1
16 3
16 6
16 9
16 10
16 11
16 12
16 14
16 17
16 18
16 19
16 23
16 24
16 25
16 26
16 27
16 28
16 29
16 30
16 32
16 37
16 39
16 40
16 41
16 42
16 43
16 44
16 46
16 47
16 48
16 56
16 58
16 59
16 60
16 63
16 71
16 74
16 75
16 77
16 78
16 79
16 81
16 82
16 83
16 84
16 86
16 88
16 90
16 92
16 93
16 94
16 95
16 97
16 100
17 1
17 2
17 3
17 5
17 6
17 7
17 8
17 9
17 12
17 13
17 19
17 20
17 21
17 22
17 24
17 26
17 27
17 30
17 31
17 32
17 38
17 40
17 42
17 44
17 45
17 48
17 50
17 51
17 52
17 53
17 55
17 57
17 59
17 61
17 62
17 65
17 67
17 68
17 70
17 72
17 73
17 74
17 76
17 79
17 80
17 83
17 85
17 87
17 88
17 89
17 90
17 97
17 99
17 100
18 2
18 3
18 5
18 10
18 11
18 14
18 15
18 16
18 20
18 21
18 22
18 26
18 27
18 28
18 31
18 35
18 37
18 38
18 40
18 42
18 45
18 46
18 48
18 50
18 51
18 52
18 53
18 54
18 55
18 58
18 59
18 60
18 62
18 64
18 65
18 68
18 69
18 70
18 72
18 75
18 77
18 79
18 81
18 84
18 85
18 86
18 89
18 90
18 91
18 92
18 93
18 94
18 95
18 96
18 97
18 99
19 2
19 3
19 6
19 8
19 9
19 14
19 15
19 17
19 18
19 20
19 21
19 22
19 26
19 27
19 28
19 31
19 37
19 41
19 42
19 44
19 51
19 52
19 53
19 55
19 56
19 57
19 59
19 60
19 63
19 68
19 70
19 72
19 75
19 76
19 80
19 82
19 83
19 84
19 85
19 86
19 88
19 89
19 90
19 91
19 93
19 95
19 99
19 100
20 1
20 4
20 6
20 9
20 10
20 11
20 12
20 13
20 14
20 18
20 21
20 22
20 23
20 27
20 28
20 29
20 33
20 34
20 35
20 36
20 37
20 38
20 39
20 41
20 42
20 43
20 47
20 48
20 51
20 52
20 53
20 54
20 55
20 56
20 57
20 58
20 59
20 61
20 64
20 72
20 73
20 76
20 77
20 79
20 80
20 81
20 84
20 90
20 91
20 93
20 94
20 99
21 1
21 3
21 4
21 8
21 11
21 12
21 13
21 14
21 15
21 17
21 23
21 28
21 29
21 30
21 33
21 38
21 39
21 45
21 47
21 49
21 50
21 51
21 54
21 55
21 56
21 59
21 64
21 68
21 69
21 70
21 71
21 73
21 74
21 76
21 78
21 82
21 83
21 90
21 93
21 95
21 96
21 97
21 98
22 1
22 2
22 3
22 4
22 5
22 9
22 10
22 11
22 13
22 17
22 25
22 27
22 29
22 31
22 36
22 37
22 38
22 40
22 41
22 42
22 44
22 46
22 49
22 50
22 53
22 56
22 57
22 58
22 60
22 62
22 65
22 68
22 69
22 73
22 74
22 80
22 83
22 84
22 87
22 90
22 93
22 95
22 99
22 100
23 1
23 2
23 4
23 6
23 7
23 9
23 10
23 11
23 13
23 15
23 16
23 17
23 18
23 20
23 21
23 22
23 24
23 25
23 26
23 27
23 29
23 30
23 31
23 32
23 33
23 35
23 36
23 37
23 38
23 41
23 43
23 45
23 47
23 48
23 49
23 51
23 54
23 56
23 57
23 60
23 61
23 65
23 66
23 67
23 73
23 76
23 77
23 78
23 81
23 84
23 86
23 89
23 91
23 93
23 95
23 97
23 99
23 100
24 1
24 2
24 3
24 5
24 6
24 9
24 10
24 11
24 12
24 13
24 16
24 20
24 23
24 29
24 30
24 32
24 33
24 37
24 38
24 39
24 42
24 43
24 46
24 47
24 49
24 50
24 53
24 54
24 55
24 56
24 58
24 60
24 63
24 64
24 66
24 68
24 78
24 80
24 81
24 84
24 85
24 86
24 89
24 93
24 95
24 99
25 4
25 6
25 7
25 8
25 13
25 14
25 16
25 18
25 20
25 21
25 24
25 26
25 27
25 28
25 29
25 30
25 32
25 33
25 44
25 49
25 53
25 56
25 57
25 59
25 60
25 61
25 62
25 64
25 66
25 72
25 73
25 74
25 76
25 78
25 79
25 80
25 81
25 82
25 85
25 86
25 90
25 91
25 92
25 96
25 97
25 98
25 99
26 2
26 3
26 6
26 8
26 11
26 14
26 15
26 16
26 20
26 21
26 23
26 24
26 25
26 29
26 31
26 33
26 36
26 37
26 38
26 40
26 41
26 43
26 44
26 45
26 48
26 51
26 56
26 60
26 61
26 62
26 63
26 64
26 66
26 67
26 68
26 69
26 70
26 71
26 73
26 75
26 78
26 79
26 80
26 81
26 82
26 83
26 85
26 87
26 89
26 92
26 95
26 96
26 97
26 99
26 100
27 2
27 3
27 5
27 8
27 11
27 16
27 17
27 18
27 22
27 29
27 30
27 31
27 32
27 34
27 35
27 36
27 40
27 42
27 44
27 48
27 50
27 51
27 53
27 54
27 56
27 57
27 58
27 59
27 60
27 62
27 63
27 65
27 66
27 67
27 68
27 70
27 71
27 73
27 75
27 76
27 78
27 79
27 80
27 81
27 82
27 83
27 86
27 87
27 88
27 92
27 94
27 96
27 97
27 98
27 99
27 100
28 1
28 2
28 6
28 8
28 9
28 15
28 16
28 18
28 19
28 21
28 22
28 23
28 27
28 30
28 37
28 41
28 42
28 45
28 48
28 49
28 50
28 53
28 54
28 55
28 56
28 57
28 58
28 61
28 62
28 63
28 64
28 66
28 67
28 70
28 72
28 73
28 77
28 78
28 79
28 81
28 84
28 85
28 87
28 89
28 96
28 98
28 100
29 1
29 3
29 5
29 6
29 7
29 10
29 12
29 17
29 19
29 22
29 25
29 26
29 34
29 35
29 36
29 37
29 40
29 41
29 42
29 43
29 44
29 47
29 49
29 53
29 55
29 56
29 58
29 60
29 63
29 67
29 71
29 72
29 73
29 74
29 77
29 78
29 80
29 84
29 86
29 87
29 89
29 94
29 95
29 96
29 97
30 1
30 2
30 6
30 9
30 10
30 12
30 14
30 16
30 18
30 19
30 24
30 25
30 31
30 32
30 33
30 34
30 35
30 39
30 40
30 42
30 43
30 44
30 45
30 46
30 50
30 52
30 53
30 56
30 59
30 61
30 63
30 64
30 66
30 67
30 69
30 74
30 77
30 79
30 80
30 81
30 83
30 85
30 89
30 93
30 98
30 100
31 1
31 3
31 6
31 7
31 12
31 13
31 17
31 18
31 21
31 22
31 25
31 27
31 28
31 30
31 32
31 35
31 40
31 41
31 43
31 44
31 46
31 47
31 48
31 50
31 51
31 52
31 53
31 56
31 58
31 59
31 62
31 64
31 66
31 67
31 68
31 70
31 71
31 72
31 74
31 75
31 79
31 82
31 89
31 92
31 93
31 97
31 99
32 1
32 2
32 3
32 4
32 5
32 6
32 7
32 8
32 9
32 11
32 12
32 15
32 16
32 18
32 21
32 22
32 23
32 24
32 25
32 26
32 27
32 28
32 29
32 30
32 31
32 33
32 36
32 38
32 40
32 44
32 49
32 50
32 54
32 56
32 59
32 61
32 64
32 65
32 67
32 68
32 73
32 76
32 78
32 79
32 83
32 84
32 85
32 87
32 88
32 91
32 97
32 98
32 99
32 100
33 1
33 3
33 4
33 11
33 15
33 18
33 19
33 26
33 27
33 28
33 29
33 32
33 34
33 36
33 37
33 38
33 39
33 41
33 42
33 45
33 46
33 49
33 50
33 53
33 54
33 58
33 59
33 60
33 63
33 64
33 65
33 69
33 72
33 73
33 74
33 76
33 77
33 78
33 81
33 82
33 85
33 87
33 88
33 90
33 92
33 93
33 94
33 95
33 99
33 100
34 1
34 5
34 12
34 13
34 17
34 21
34 23
34 24
34 25
34 26
34 28
34 31
34 33
34 35
34 36
34 38
34 39
34 42
34 46
34 47
34 50
34 51
34 52
34 54
34 55
34 56
34 61
34 62
34 64
34 65
34 68
34 69
34 71
34 74
34 76
34 79
34 80
34 82
34 84
34 85
34 88
34 89
34 90
34 92
34 94
34 99
34 100
35 1
35 3
35 4
35 8
35 10
35 11
35 13
35 14
35 15
35 16
35 17
35 19
35 20
35 21
35 22
35 23
35 25
35 27
35 28
35 29
35 31
35 33
35 34
35 36
35 37
35 38
35 42
35 44
35 47
35 48
35 51
35 52
35 57
35 59
35 60
35 61
35 62
35 64
35 68
35 69
35 72
35 73
35 75
35 76
35 81
35 84
35 85
35 86
35 89
35 90
35 94
35 95
35 97
36 1
36 3
36 4
36 6
36 7
36 14
36 15
36 20
36 21
36 22
36 23
36 25
36 26
36 27
36 31
36 32
36 34
36 38
36 40
36 41
36 44
36 46
36 48
36 49
36 50
36 56
36 58
36 59
36 62
36 63
36 67
36 72
36 73
36 74
36 77
36 83
36 84
36 85
36 87
36 89
36 90
36 91
36 92
36 94
36 95
36 96
36 99
36 100
37 1
37 5
37 6
37 8
37 13
37 14
37 16
37 17
37 21
37 23
37 28
37 30
37 32
37 33
37 36
37 39
37 40
37 41
37 42
37 47
37 48
37 50
37 54
37 55
37 57
37 58
37 59
37 63
37 64
37 66
37 67
37 68
37 69
37 70
37 72
37 74
37 75
37 76
37 79
37 80
37 81
37 82
37 83
37 86
37 87
37 89
37 91
37 98
37 99
38 1
38 2
38 4
38 5
38 6
38 8
38 9
38 12
38 18
38 19
38 20
38 22
38 24
38 25
38 32
38 33
38 35
38 36
38 39
38 43
38 46
38 47
38 48
38 55
38 57
38 58
38 61
38 63
38 64
38 65
38 66
38 70
38 71
38 72
38 74
38 77
38 79
38 80
38 81
38 82
38 83
38 84
38 88
38 89
38 90
38 92
38 93
38 95
39 2
39 3
39 4
39 9
39 10
39 12
39 21
39 22
39 24
39 25
39 27
39 28
39 29
39 30
39 31
39 34
39 35
39 37
39 44
39 46
39 50
39 51
39 53
39 54
39 55
39 57
39 61
39 65
39 68
39 69
39 71
39 72
39 76
39 79
39 80
39 82
39 84
39 85
39 88
39 90
39 91
39 92
39 94
39 95
39 99
40 1
40 3
40 5
40 8
40 13
40 14
40 16
40 18
40 22
40 23
40 24
40 26
40 27
40 28
40 29
40 30
40 32
40 33
40 34
40 41
40 42
40 44
40 45
40 48
40 50
40 52
40 54
40 56
40 57
40 59
40 60
40 61
40 64
40 65
40 69
40 70
40 71
40 74
40 75
40 78
40 79
40 81
40 83
40 86
40 89
40 90
40 94
40 96
40 98
40 99
40 100
41 1
41 5
41 7
41 8
41 12
41 13
41 15
41 21
41 22
41 24
41 26
41 27
41 29
41 30
41 32
41 35
41 36
41 38
41 40
41 42
41 43
41 44
41 45
41 46
41 47
41 48
41 50
41 52
41 53
41 56
41 57
41 61
41 64
41 65
41 66
41 68
41 71
41 73
41 75
41 76
41 77
41 78
41 80
41 84
41 88
41 89
41 90
41 92
41 93
41 95
41 97
41 98
41 100
42 1
42 2
42 3
42 6
42 7
42 8
42 9
42 11
42 12
42 13
42 14
42 15
42 22
42 25
42 27
42 30
42 31
42 32
42 34
42 36
42 37
42 38
42 40
42 41
42 43
42 44
42 45
42 47
42 48
42 49
42 54
42 57
42 59
42 61
42 62
42 64
42 65
42 66
42 67
42 68
42 69
42 70
42 71
42 73
42 74
42 76
42 78
42 79
42 80
42 82
42 83
42 84
42 85
42 86
42 87
42 88
42 91
42 92
42 93
42 94
42 96
42 99
43 2
43 5
43 7
43 12
43 13
43 15
43 17
43 18
43 19
43 21
43 22
43 23
43 24
43 25
43 26
43 31
43 35
43 36
43 37
43 41
43 44
43 46
43 47
43 48
43 49
43 50
43 52
43 54
43 55
43 56
43 57
43 61
43 62
43 68
43 69
43 71
43 74
43 75
43 77
43 78
43 80
43 81
43 84
43 85
43 86
43 88
43 89
43 91
43 93
43 95
43 97
43 98
43 99
43 100
44 1
44 4
44 5
44 7
44 8
44 9
44 11
44 16
44 17
44 19
44 20
44 23
44 24
44 25
44 26
44 27
44 31
44 32
44 35
44 36
44 39
44 41
44 46
44 47
44 52
44 53
44 55
44 57
44 58
44 60
44 62
44 67
44 68
44 70
44 75
44 77
44 78
44 82
44 83
44 84
44 86
44 87
44 88
44 89
44 90
44 94
44 95
44 96
44 97
45 2
45 3
45 4
45 5
45 7
45 8
45 9
45 10
45 12
45 13
45 15
45 16
45 17
45 18
45 19
45 21
45 22
45 25
45 28
45 29
45 31
45 38
45 39
45 40
45 41
45 42
45 43
45 46
45 47
45 49
45 50
45 52
45 54
45 56
45 58
45 62
45 63
45 64
45 65
45 66
45 71
45 78
45 79
45 80
45 82
45 86
45 88
45 89
45 90
45 96
45 97
45 98
46 1
46 5
46 8
46 9
46 10
46 11
46 15
46 16
46 18
46 19
46 21
46 22
46 25
46 29
46 31
46 40
46 41
46 42
46 44
46 47
46 50
46 51
46 52
46 53
46 54
46 56
46 62
46 64
46 65
46 66
46 67
46 68
46 71
46 76
46 77
46 78
46 80
46 81
46 84
46 85
46 86
46 88
46 89
46 90
46 92
46 95
46 97
46 99
47 9
47 11
47 14
47 15
47 16
47 18
47 21
47 23
47 24
47 25
47 26
47 27
47 29
47 33
47 34
47 36
47 38
47 41
47 45
47 46
47 48
47 49
47 50
47 51
47 52
47 53
47 54
47 55
47 56
47 57
47 59
47 61
47 65
47 67
47 68
47 69
47 75
47 80
47 81
47 85
47 87
47 88
47 89
47 91
47 92
47 95
47 96
47 98
47 99
47 100
48 2
48 5
48 6
48 8
48 9
48 10
48 11
48 16
48 19
48 21
48 23
48 25
48 26
48 30
48 32
48 33
48 34
48 35
48 36
48 37
48 38
48 41
48 45
48 51
48 52
48 56
48 57
48 59
48 61
48 63
48 66
48 72
48 86
48 87
48 88
48 90
48 92
48 93
48 94
48 95
48 96
48 98
48 99
48 100
49 1
49 3
49 4
49 5
49 6
49 7
49 8
49 9
49 10
49 12
49 13
49 14
49 15
49 17
49 20
49 24
49 25
49 27
49 28
49 32
49 33
49 34
49 38
49 41
49 44
49 46
49 50
49 51
49 53
49 59
49 61
49 68
49 70
49 71
49 72
49 75
49 78
49 79
49 80
49 81
49 82
49 83
49 86
49 87
49 89
49 95
49 96
49 97
49 99
49 100
50 1
50 2
50 3
50 6
50 7
50 8
50 9
50 16
50 17
50 21
50 22
50 23
50 24
50 25
50 26
50 27
50 28
50 34
50 39
50 40
50 43
50 45
50 46
50 48
50 53
50 54
50 55
50 57
50 59
50 60
50 65
50 68
50 69
50 70
50 72
50 73
50 75
50 79
50 80
50 81
50 82
50 83
50 84
50 85
50 86
50 91
50 95
50 96
50 97
50 99
50 100
51 2
51 4
51 5
51 8
51 10
51 11
51 12
51 14
51 15
51 16
51 20
51 21
51 23
51 24
51 28
51 29
51 33
51 36
51 37
51 38
51 39
51 40
51 41
51 43
51 46
51 48
51 50
51 52
51 54
51 55
51 59
51 60
51 61
51 62
51 69
51 70
51 71
51 75
51 79
51 80
51 82
51 85
51 86
51 89
51 90
51 91
51 93
51 94
51 96
51 97
51 98
51 99
51 100
52 2
52 6
52 7
52 8
52 10
52 11
52 12
52 16
52 17
52 22
52 25
52 26
52 29
52 32
52 33
52 35
52 37
52 38
52 40
52 41
52 42
52 45
52 47
52 49
52 50
52 51
52 58
52 59
52 60
52 64
52 70
52 71
52 73
52 76
52 79
52 84
52 85
52 88
52 89
52 90
52 94
52 96
52 97
52 98
52 99
53 2
53 4
53 6
53 8
53 10
53 12
53 13
53 14
53 15
53 19
53 20
53 22
53 23
53 24
53 25
53 28
53 30
53 34
53 36
53 40
53 41
53 44
53 45
53 46
53 47
53 49
53 55
53 58
53 59
53 62
53 63
53 64
53 65
53 70
53 71
53 72
53 73
53 76
53 77
53 81
53 82
53 83
53 85
53 87
53 89
53 91
53 92
53 95
53 96
53 99
53 100
54 7
54 8
54 9
54 10
54 11
54 12
54 13
54 14
54 16
54 19
54 23
54 26
54 27
54 29
54 30
54 31
54 34
54 35
54 39
54 40
54 42
54 43
54 44
54 47
54 50
54 52
54 53
54 55
54 57
54 60
54 61
54 63
54 67
54 68
54 71
54 72
54 76
54 77
54 80
54 81
54 82
54 84
54 86
54 88
54 89
54 91
54 95
54 96
54 99
54 100
55 1
55 2
55 3
55 5
55 8
55 11
55 14
55 18
55 20
55 21
55 22
55 25
55 26
55 27
55 31
55 32
55 34
55 35
55 37
55 38
55 39
55 41
55 42
55 44
55 45
55 46
55 47
55 57
55 62
55 64
55 68
55 69
55 70
55 71
55 73
55 74
55 76
55 78
55 81
55 83
55 85
55 87
55 90
55 91
55 93
55 94
55 96
55 98
55 99
55 100
56 2
56 3
56 5
56 10
56 11
56 14
56 16
56 17
56 19
56 23
56 26
56 27
56 28
56 29
56 32
56 36
56 37
56 40
56 43
56 45
56 48
56 50
56 51
56 53
56 54
56 55
56 57
56 60
56 61
56 62
56 63
56 64
56 65
56 66
56 69
56 71
56 73
56 74
56 75
56 77
56 78
56 81
56 84
56 85
56 88
56 91
56 92
56 93
56 96
56 100
57 1
57 3
57 6
57 11
57 12
57 13
57 15
57 19
57 21
57 26
57 28
57 29
57 31
57 35
57 37
57 38
57 40
57 43
57 45
57 46
57 48
57 49
57 53
57 55
57 60
57 61
57 62
57 64
57 65
57 67
57 68
57 70
57 75
57 80
57 82
57 87
57 89
57 90
57 92
57 93
57 94
57 96
57 99
57 100
58 1
58 2
58 3
58 5
58 6
58 8
58 10
58 12
58 15
58 17
58 18
58 19
58 21
58 22
58 23
58 26
58 27
58 28
58 31
58 32
58 39
58 41
58 43
58 44
58 50
58 51
58 57
58 61
58 63
58 64
58 69
58 71
58 76
58 78
58 84
58 85
58 86
58 87
58 90
58 93
58 95
58 96
58 97
58 98
58 100
59 1
59 2
59 3
59 4
59 5
59 7
59 8
59 10
59 12
59 13
59 16
59 17
59 18
59 21
59 22
59 23
59 25
59 27
59 32
59 33
59 36
59 38
59 41
59 42
59 44
59 47
59 49
59 50
59 52
59 54
59 55
59 56
59 58
59 60
59 61
59 63
59 64
59 66
59 67
59 68
59 69
59 70
59 74
59 75
59 79
59 80
59 82
59 84
59 86
59 87
59 88
59 91
59 93
59 95
59 96
59 97
59 98
59 99
60 3
60 4
60 5
60 12
60 13
60 17
60 19
60 20
60 21
60 23
60 25
60 27
60 35
60 38
60 40
60 41
60 42
60 43
60 44
60 46
60 47
60 51
60 53
60 54
60 57
60 58
60 59
60 63
60 64
60 68
60 70
60 71
60 72
60 73
60 74
60 79
60 80
60 81
60 83
60 88
60 89
60 92
60 93
60 94
60 95
60 96
60 98
60 99
60 100
61 2
61 3
61 4
61 5
61 10
61 12
61 13
61 15
61 22
61 23
61 25
61 26
61 27
61 29
61 32
61 34
61 35
61 37
61 39
61 40
61 42
61 46
61 48
61 49
61 52
61 56
61 58
61 60
61 62
61 65
61 69
61 70
61 71
61 72
61 73
61 75
61 78
61 79
61 83
61 88
61 91
61 92
61 95
61 97
61 99
62 1
62 2
62 5
62 6
62 7
62 9
62 11
62 16
62 21
62 25
62 26
62 27
62 28
62 31
62 33
62 35
62 36
62 37
62 38
62 39
62 41
62 48
62 49
62 50
62 51
62 52
62 56
62 58
62 63
62 64
62 66
62 67
62 69
62 70
62 71
62 72
62 73
62 74
62 75
62 76
62 80
62 81
62 82
62 83
62 84
62 85
62 88
62 91
62 95
62 96
62 97
62 99
62 100
63 10
63 17
63 18
63 20
63 22
63 24
63 25
63 26
63 27
63 28
63 30
63 31
63 33
63 34
63 35
63 37
63 38
63 39
63 40
63 46
63 48
63 49
63 51
63 52
63 55
63 60
63 65
63 69
63 71
63 72
63 74
63 75
63 76
63 81
63 82
63 88
63 89
63 91
63 93
63 94
63 95
63 96
63 97
63 98
63 99
64 1
64 5
64 7
64 8
64 9
64 10
64 11
64 14
64 15
64 16
64 17
64 19
64 21
64 24
64 26
64 28
64 31
64 33
64 35
64 41
64 42
64 47
64 51
64 55
64 57
64 58
64 59
64 60
64 61
64 65
64 67
64 69
64 71
64 76
64 77
64 87
64 88
64 89
64 92
64 94
64 95
64 96
64 99
65 6
65 7
65 13
65 14
65 16
65 17
65 21
65 27
65 29
65 32
65 33
65 40
65 41
65 42
65 45
65 47
65 50
65 51
65 53
65 55
65 61
65 64
65 67
65 68
65 69
65 71
65 72
65 73
65 74
65 75
65 80
65 83
65 85
65 86
65 87
65 91
65 95
66 1
66 2
66 5
66 8
66 9
66 11
66 14
66 15
66 17
66 20
66 23
66 24
66 25
66 29
66 30
66 34
66 35
66 37
66 40
66 47
66 48
66 52
66 54
66 55
66 58
66 63
66 65
66 67
66 68
66 70
66 71
66 72
66 74
66 75
66 76
66 77
66 78
66 79
66 80
66 81
66 83
66 84
66 86
66 88
66 91
66 93
66 96
66 100
67 1
67 2
67 3
67 7
67 8
67 9
67 10
67 11
67 12
67 13
67 15
67 19
67 24
67 25
67 26
67 29
67 34
67 35
67 36
67 37
67 40
67 41
67 43
67 44
67 45
67 46
67 49
67 50
67 51
67 54
67 55
67 56
67 58
67 59
67 60
67 61
67 63
67 65
67 66
67 68
67 72
67 74
67 75
67 78
67 79
67 80
67 81
67 84
67 85
67 88
67 89
67 90
67 97
67 98
67 100
68 4
68 5
68 6
68 10
68 12
68 13
68 14
68 18
68 19
68 21
68 22
68 24
68 26
68 27
68 28
68 30
68 31
68 33
68 35
68 38
68 39
68 41
68 42
68 43
68 44
68 49
68 50
68 51
68 52
68 53
68 55
68 56
68 57
68 58
68 61
68 62
68 65
68 70
68 71
68 73
68 74
68 77
68 79
68 80
68 82
68 83
68 84
68 86
68 87
68 89
68 93
68 94
68 95
68 96
68 97
68 98
68 99
68 100
69 4
69 11
69 12
69 13
69 15
69 17
69 19
69 21
69 23
69 24
69 25
69 34
69 35
69 37
69 38
69 39
69 40
69 42
69 45
69 46
69 47
69 48
69 50
69 52
69 55
69 56
69 58
69 63
69 73
69 75
69 77
69 78
69 79
69 81
69 82
69 83
69 84
69 86
69 87
69 88
69 90
69 92
69 93
69 94
69 97
69 99
70 1
70 2
70 3
70 4
70 5
70 6
70 7
70 11
70 13
70 14
70 15
70 17
70 18
70 21
70 22
70 26
70 29
70 31
70 38
70 40
70 41
70 42
70 43
70 45
70 46
70 47
70 49
70 50
70 51
70 52
70 55
70 56
70 57
70 58
70 59
70 61
70 63
70 65
70 67
70 69
70 75
70 76
70 77
70 78
70 83
70 85
70 91
70 93
70 95
70 96
70 97
71 1
71 4
71 8
71 9
71 10
71 11
71 13
71 16
71 18
71 20
71 23
71 26
71 27
71 28
71 29
71 30
71 33
71 34
71 35
71 36
71 37
71 40
71 43
71 46
71 47
71 50
71 51
71 53
71 54
71 58
71 59
71 62
71 66
71 67
71 68
71 70
71 74
71 76
71 77
71 78
71 79
71 81
71 82
71 83
71 84
71 88
71 90
71 91
71 93
71 95
71 96
71 97
71 100
72 3
72 4
72 5
72 6
72 7
72 8
72 9
72 11
72 14
72 19
72 20
72 21
72 22
72 23
72 25
72 29
72 30
72 33
72 35
72 40
72 41
72 42
72 43
72 44
72 47
72 49
72 52
72 60
72 62
72 63
72 64
72 66
72 68
72 74
72 77
72 78
72 81
72 82
72 83
72 85
72 87
72 91
72 92
72 93
72 94
72 96
72 97
72 98
73 2
73 3
73 5
73 9
73 11
73 12
73 15
73 18
73 19
73 20
73 22
73 23
73 24
73 26
73 27
73 28
73 32
73 33
73 34
73 35
73 36
73 38
73 41
73 42
73 43
73 46
73 48
73 51
73 52
73 53
73 54
73 55
73 56
73 58
73 59
73 60
73 61
73 63
73 65
73 66
73 67
73 68
73 70
73 72
73 74
73 78
73 80
73 84
73 86
73 88
73 90
73 91
73 93
73 94
73 95
73 96
73 98
74 1
74 6
74 10
74 12
74 13
74 14
74 15
74 16
74 21
74 22
74 26
74 27
74 28
74 31
74 34
74 35
74 36
74 37
74 38
74 39
74 40
74 41
74 44
74 45
74 46
74 50
74 52
74 54
74 55
74 56
74 58
74 60
74 61
74 63
74 64
74 65
74 66
74 68
74 70
74 71
74 72
74 75
74 76
74 78
74 79
74 81
74 82
74 83
74 84
74 85
74 86
74 88
74 89
74 90
74 91
74 95
74 96
74 97
74 98
75 4
75 5
75 6
75 7
75 8
75 10
75 11
75 12
75 14
75 15
75 18
75 19
75 22
75 23
75 24
75 26
75 27
75 28
75 30
75 32
75 33
75 37
75 38
75 39
75 41
75 42
75 47
75 48
75 49
75 50
75 51
75 55
75 57
75 59
75 61
75 62
75 63
75 66
75 67
75 68
75 70
75 71
75 77
75 79
75 80
75 81
75 82
75 83
75 84
75 87
75 89
75 91
75 92
75 93
75 94
75 95
75 96
75 97
75 100
76 1
76 3
76 5
76 6
76 8
76 10
76 12
76 14
76 16
76 18
76 22
76 23
76 25
76 27
76 29
76 31
76 32
76 33
76 35
76 37
76 38
76 41
76 42
76 44
76 49
76 53
76 66
76 68
76 70
76 72
76 74
76 75
76 78
76 79
76 81
76 82
76 85
76 89
76 90
76 93
76 95
77 6
77 7
77 8
77 9
77 15
77 18
77 19
77 20
77 21
77 23
77 24
77 30
77 32
77 33
77 34
77 35
77 38
77 45
77 46
77 47
77 49
77 50
77 54
77 56
77 58
77 61
77 65
77 66
77 67
77 68
77 72
77 73
77 79
77 80
77 82
77 83
77 85
77 87
77 88
77 91
77 93
77 95
77 96
77 97
78 1
78 6
78 7
78 8
78 9
78 13
78 14
78 15
78 18
78 19
78 21
78 24
78 27
78 28
78 29
78 33
78 34
78 36
78 37
78 38
78 39
78 40
78 41
78 44
78 45
78 46
78 47
78 49
78 51
78 57
78 60
78 61
78 65
78 66
78 69
78 72
78 73
78 76
78 80
78 84
78 86
78 90
78 91
78 92
78 94
78 97
78 98
78 99
79 3
79 5
79 7
79 8
79 9
79 13
79 15
79 18
79 20
79 24
79 25
79 32
79 33
79 34
79 35
79 38
79 40
79 41
79 42
79 43
79 47
79 48
79 53
79 57
79 59
79 62
79 63
79 66
79 67
79 68
79 74
79 76
79 80
79 88
79 89
79 91
79 92
79 93
79 94
79 95
79 96
79 100
80 4
80 5
80 8
80 11
80 12
80 13
80 15
80 19
80 20
80 21
80 22
80 23
80 28
80 31
80 33
80 39
80 41
80 42
80 43
80 51
80 52
80 54
80 57
80 59
80 60
80 63
80 64
80 67
80 69
80 71
80 73
80 74
80 75
80 76
80 79
80 81
80 84
80 85
80 89
80 91
80 93
80 95
80 97
80 98
80 99
80 100
81 3
81 5
81 7
81 8
81 10
81 14
81 19
81 25
81 26
81 28
81 29
81 32
81 33
81 37
81 38
81 42
81 44
81 45
81 46
81 49
81 50
81 51
81 52
81 53
81 54
81 59
81 61
81 64
81 65
81 67
81 68
81 71
81 72
81 73
81 74
81 76
81 77
81 79
81 83
81 86
81 90
81 91
81 93
81 96
81 97
81 100
82 3
82 8
82 10
82 12
82 14
82 15
82 16
82 17
82 18
82 21
82 22
82 25
82 27
82 30
82 33
82 34
82 35
82 36
82 37
82 38
82 44
82 48
82 50
82 51
82 52
82 55
82 56
82 57
82 59
82 67
82 68
82 69
82 70
82 71
82 72
82 74
82 75
82 79
82 80
82 81
82 83
82 85
82 87
82 91
82 92
82 95
83 1
83 4
83 5
83 6
83 8
83 14
83 15
83 16
83 17
83 21
83 25
83 26
83 29
83 30
83 31
83 36
83 37
83 38
83 40
83 44
83 49
83 51
83 52
83 53
83 54
83 55
83 56
83 59
83 61
83 62
83 63
83 65
83 68
83 74
83 75
83 76
83 78
83 82
83 85
83 86
83 87
83 89
83 92
83 93
83 98
84 2
84 3
84 4
84 5
84 6
84 7
84 10
84 12
84 15
84 16
84 18
84 19
84 23
84 25
84 26
84 27
84 31
84 41
84 45
84 46
84 49
84 52
84 55
84 59
84 60
84 62
84 63
84 65
84 66
84 71
84 73
84 75
84 78
84 80
84 85
84 86
84 87
84 93
84 95
84 96
84 98
84 100
85 1
85 2
85 3
85 4
85 5
85 7
85 9
85 11
85 12
85 14
85 19
85 21
85 22
85 23
85 25
85 27
85 28
85 31
85 32
85 35
85 37
85 44
85 45
85 47
85 49
85 54
85 55
85 56
85 58
85 60
85 61
85 62
85 63
85 67
85 68
85 72
85 73
85 74
85 75
85 76
85 78
85 79
85 80
85 82
85 83
85 84
85 88
85 89
85 90
85 91
85 92
85 93
85 96
85 97
85 98
85 100
86 1
86 2
86 7
86 10
86 12
86 13
86 16
86 18
86 19
86 21
86 24
86 28
86 29
86 30
86 35
86 40
86 42
86 44
86 46
86 47
86 48
86 50
86 51
86 52
86 54
86 55
86 57
86 59
86 61
86 65
86 68
86 70
86 71
86 73
86 74
86 76
86 77
86 78
86 83
86 87
86 88
86 93
86 94
86 97
87 7
87 8
87 10
87 11
87 13
87 15
87 16
87 17
87 19
87 25
87 27
87 28
87 29
87 30
87 32
87 34
87 36
87 40
87 41
87 42
87 44
87 45
87 46
87 47
87 54
87 59
87 61
87 66
87 67
87 68
87 71
87 72
87 73
87 75
87 76
87 78
87 80
87 81
87 82
87 83
87 84
87 85
87 86
87 88
87 89
87 90
87 91
87 93
87 94
87 95
87 96
87 97
88 1
88 4
88 5
88 6
88 7
88 8
88 9
88 10
88 11
88 13
88 14
88 16
88 17
88 19
88 22
88 24
88 25
88 26
88 27
88 28
88 29
88 31
88 33
88 36
88 39
88 40
88 45
88 48
88 49
88 52
88 55
88 57
88 59
88 61
88 62
88 64
88 67
88 68
88 70
88 73
88 74
88 75
88 76
88 79
88 81
88 83
88 86
88 93
88 94
88 96
88 98
88 99
89 1
89 2
89 3
89 5
89 6
89 8
89 10
89 11
89 12
89 13
89 16
89 17
89 18
89 19
89 25
89 28
89 29
89 31
89 32
89 34
89 35
89 36
89 37
89 39
89 41
89 42
89 43
89 46
89 48
89 49
89 52
89 53
89 56
89 57
89 59
89 60
89 66
89 67
89 72
89 74
89 77
89 81
89 82
89 84
89 90
89 91
89 94
89 95
89 98
89 100
90 6
90 8
90 14
90 15
90 18
90 24
90 26
90 27
90 28
90 29
90 32
90 34
90 35
90 39
90 40
90 41
90 42
90 43
90 44
90 45
90 47
90 48
90 49
90 51
90 53
90 54
90 63
90 65
90 66
90 67
90 68
90 69
90 70
90 72
90 73
90 74
90 77
90 78
90 79
90 82
90 85
90 86
90 87
90 88
90 92
90 100
91 1
91 2
91 3
91 7
91 11
91 12
91 13
91 15
91 17
91 20
91 21
91 23
91 24
91 25
91 27
91 28
91 29
91 31
91 32
91 33
91 35
91 36
91 39
91 41
91 43
91 44
91 45
91 46
91 47
91 48
91 50
91 51
91 54
91 55
91 56
91 57
91 59
91 60
91 63
91 65
91 67
91 70
91 71
91 72
91 73
91 74
91 75
91 76
91 79
91 80
91 81
91 85
91 88
91 90
91 92
91 95
91 98
91 99
92 4
92 7
92 10
92 12
92 13
92 15
92 16
92 20
92 21
92 22
92 23
92 24
92 25
92 26
92 28
92 29
92 30
92 31
92 32
92 34
92 39
92 41
92 43
92 44
92 45
92 46
92 47
92 48
92 55
92 56
92 58
92 60
92 61
92 67
92 68
92 70
92 73
92 74
92 75
92 76
92 78
92 81
92 82
92 83
92 85
92 86
92 87
92 88
92 94
92 95
92 98
92 99
92 100
93 1
93 4
93 9
93 12
93 20
93 23
93 24
93 25
93 27
93 30
93 31
93 33
93 35
93 41
93 44
93 51
93 52
93 53
93 54
93 55
93 60
93 62
93 64
93 66
93 67
93 71
93 72
93 77
93 79
93 82
93 83
93 85
93 86
93 88
93 91
93 92
93 94
93 95
93 98
93 100
94 2
94 5
94 8
94 11
94 14
94 20
94 21
94 24
94 25
94 26
94 30
94 32
94 33
94 39
94 41
94 43
94 45
94 46
94 48
94 51
94 52
94 53
94 55
94 56
94 57
94 59
94 60
94 62
94 63
94 64
94 65
94 70
94 75
94 77
94 80
94 82
94 85
94 86
94 87
94 88
94 89
94 91
94 95
94 96
94 97
94 98
95 2
95 3
95 4
95 10
95 11
95 14
95 19
95 20
95 23
95 24
95 25
95 27
95 29
95 31
95 33
95 35
95 37
95 42
95 48
95 49
95 50
95 51
95 52
95 53
95 57
95 58
95 60
95 61
95 62
95 66
95 67
95 69
95 72
95 73
95 74
95 77
95 79
95 83
95 86
95 89
95 91
95 97
95 100
96 1
96 4
96 5
96 6
96 7
96 9
96 12
96 15
96 16
96 17
96 18
96 20
96 23
96 24
96 26
96 29
96 30
96 31
96 36
96 38
96 39
96 40
96 42
96 44
96 45
96 50
96 51
96 53
96 56
96 57
96 60
96 61
96 63
96 65
96 66
96 67
96 68
96 69
96 70
96 71
96 74
96 75
96 77
96 80
96 81
96 82
96 83
96 85
96 87
96 88
96 90
96 91
96 92
96 97
96 98
96 99
96 100
97 1
97 2
97 3
97 4
97 5
97 6
97 12
97 13
97 14
97 15
97 16
97 25
97 29
97 31
97 32
97 33
97 34
97 37
97 39
97 41
97 42
97 45
97 46
97 48
97 49
97 50
97 51
97 54
97 56
97 57
97 63
97 64
97 65
97 66
97 67
97 73
97 75
97 76
97 77
97 79
97 81
97 82
97 86
97 88
97 89
97 92
97 94
97 95
97 98
97 99
98 1
98 6
98 9
98 11
98 13
98 14
98 15
98 18
98 19
98 23
98 24
98 25
98 26
98 28
98 31
98 32
98 35
98 37
98 44
98 46
98 50
98 52
98 54
98 58
98 59
98 64
98 66
98 68
98 71
98 72
98 74
98 78
98 83
98 84
98 85
98 86
98 91
98 92
98 93
98 100
99 3
99 4
99 6
99 7
99 8
99 10
99 16
99 18
99 22
99 23
99 25
99 34
99 36
99 37
99 39
99 40
99 42
99 45
99 48
99 49
99 51
99 52
99 53
99 54
99 58
99 62
99 63
99 64
99 66
99 67
99 68
99 72
99 74
99 75
99 76
99 80
99 82
99 83
99 85
99 86
99 88
99 90
99 95
99 96
99 98
100 1
100 4
100 5
100 7
100 11
100 12
100 14
100 16
100 17
100 20
100 26
100 27
100 30
100 31
100 32
100 35
100 37
100 38
100 40
100 41
100 42
100 43
100 44
100 48
100 49
100 50
100 51
100 53
100 54
100 55
100 58
100 60
100 62
100 63
100 67
100 68
100 70
100 71
100 76
100 77
100 79
100 80
100 82
100 84
100 85
100 87
100 90
100 92
100 94
100 98
100 99
