14202
1101
14198
1011
13906
1111
13784
0111 1110
12837
0110
12696
1010
12691
0101
12557
1001
12423
0011
12419
1100
10801
0100
10797
0010
10664
1000
10663
0001
8759
0000
7449
11011
7310
11101
7304
10111
6987
11111
6919
01111 11110
6894
10110
6892
01101
6865
01110
6821
10101
6753
11010
6748
01011
6682
10011
6681
11001
6480
00111
6474
11100
5945
01100
5943
00110 01010
5875
01001 10010
5874
10100
5870
00101
5808
10001
5741
00011
5738
11000
4927
00100
4926
01000
4922
00010
4856
10000
4855
00001
3903
00000
1
 100  4 1 0102 02 4 102  2 4 
4 10  1001  4 10 0102  02 4  10102
102 4 2 4 1 4 100
