17648808 9610560
1867421 4193224
3997095 6166754
15791297 2599046
19835347 677761
12522968 4769460
7458133 3780868
9032288 6669595
5690180 6760654
12174432 1051995
2504637 7800058
11783645 1256174
15357653 12344113
10281364 3192123
19435373 15358211
887644 13150577
12668133 892592
7035327 14929936
18319164 11246897
3325398 1848119
2197164 6763842
11775536 4450648
7197262 19283471
18347551 14111452
15326188 3601382
9330332 10195949
16628141 3116477
6817491 17877437
19294606 7336873
11470878 6721064
6141248 13369378
5508998 14121936
476260 4585313
1232240 18720329
10495270 18380740
15828527 18716387
3724723 6421000
12006201 17056551
13350514 18524328
8259586 11855397
16490923 220341
11609434 19461674
1268337 14858080
3270131 6912319
8256518 13802770
13838422 14334520
17813473 18656372
8831834 7893859
18728712 12673372
6288808 19080143
12975379 6836456
1576312 456327
13451873 5604360
5998624 1048649
4688113 18732063
15871285 3171947
1998708 2253232
12903369 6447559
15601438 16451288
14596844 10082822
19250257 1457228
7005232 13825448
12935278 7763845
17095500 9667289
13779370 15258741
19764154 15282463
8710063 15465679
6892198 6539938
15872180 10402687
13901243 6952182
5668179 1742271
17292429 556450
16078339 8325015
9619413 19814005
15796837 4634969
16086872 1839905
11450231 9673673
1626524 5992387
7351125 10173216
1779053 15361255
11854380 19223140
13087665 5106610
2695400 2220972
10394074 1170736
11820752 17775035
13914296 11607558
18333609 3873051
15162082 706726
18700912 3827542
17501714 1922656
18863856 15227120
17375198 10561542
14238175 13572920
6089571 15149321
6337307 1022039
14832359 11047235
6802451 9944371
4174892 8265981
18269057 13452390
17996271 14319610
